SF:lib/main.dart
DA:7,0
DA:11,1
DA:13,1
DA:14,1
DA:15,1
DA:17,1
DA:21,1
DA:28,2
DA:30,1
DA:31,1
DA:43,0
DA:44,0
DA:45,0
DA:49,1
DA:51,1
DA:52,1
DA:53,3
DA:55,1
DA:70,1
DA:71,1
DA:72,1
LF:21
LH:17
end_of_record
SF:lib/components/home_date_picker.dart
DA:6,2
DA:8,1
DA:9,1
DA:16,0
DA:17,0
DA:19,0
DA:20,0
DA:21,0
DA:22,0
DA:23,0
DA:24,0
DA:25,0
DA:26,0
DA:27,0
DA:32,1
DA:34,1
DA:36,1
DA:37,1
DA:38,1
DA:39,0
DA:40,6
DA:42,1
DA:43,1
DA:44,0
DA:45,6
LF:25
LH:12
end_of_record
SF:lib/components/home_filter_dropdown.dart
DA:5,2
DA:7,1
DA:8,1
DA:13,2
DA:14,1
DA:15,1
DA:17,1
DA:21,1
DA:23,1
DA:27,1
DA:29,1
DA:33,1
DA:35,1
DA:39,1
DA:41,1
DA:45,1
DA:47,1
DA:52,0
DA:53,0
DA:54,0
DA:56,1
DA:58,1
DA:64,1
DA:66,1
DA:67,1
DA:68,1
LF:26
LH:23
end_of_record
SF:lib/components/movie_card.dart
DA:14,0
DA:23,0
DA:25,0
DA:26,0
DA:27,0
DA:29,0
DA:30,0
DA:35,0
DA:36,0
DA:37,0
DA:38,0
DA:39,0
DA:40,0
DA:41,0
DA:42,0
DA:43,0
DA:45,0
DA:50,0
DA:51,0
DA:52,0
DA:58,0
LF:21
LH:0
end_of_record
SF:lib/components/movie_card_genres_list.dart
DA:8,0
DA:13,0
DA:14,0
DA:16,0
DA:17,0
DA:19,0
DA:20,0
DA:22,0
DA:28,0
DA:31,0
DA:33,0
DA:35,0
DA:36,0
LF:13
LH:0
end_of_record
SF:lib/utils/genre_match.dart
DA:1,0
DA:2,0
DA:4,0
DA:5,0
DA:6,0
DA:7,0
LF:6
LH:0
end_of_record
SF:lib/components/movie_details_backdrop_image.dart
DA:6,0
DA:8,0
DA:10,0
DA:12,0
DA:13,0
DA:14,0
DA:15,0
DA:25,0
DA:27,0
DA:28,0
DA:30,0
DA:31,0
DA:32,0
DA:33,0
DA:35,0
DA:36,0
DA:37,0
DA:38,0
DA:40,0
DA:41,0
DA:46,0
LF:21
LH:0
end_of_record
SF:lib/components/movie_details_header.dart
DA:15,0
DA:26,0
DA:27,0
DA:28,0
DA:30,0
DA:31,0
DA:32,0
DA:33,0
DA:35,0
DA:39,0
DA:42,0
DA:44,0
DA:46,0
DA:48,0
DA:49,0
DA:50,0
DA:51,0
DA:53,0
DA:54,0
DA:55,0
DA:56,0
DA:58,0
DA:59,0
DA:65,0
DA:66,0
DA:67,0
DA:69,0
DA:71,0
DA:75,0
DA:78,0
DA:79,0
DA:80,0
DA:83,0
DA:84,0
LF:34
LH:0
end_of_record
SF:lib/components/movie_details_poster.dart
DA:6,0
DA:14,0
DA:16,0
DA:18,0
DA:19,0
DA:20,0
DA:21,0
DA:24,0
LF:8
LH:0
end_of_record
SF:lib/components/movie_details_star_rating_container.dart
DA:7,0
DA:9,0
DA:11,0
DA:12,0
DA:13,0
DA:15,0
DA:18,0
DA:19,0
DA:20,0
DA:21,0
DA:23,0
DA:26,0
DA:27,0
DA:34,0
DA:37,0
DA:38,0
DA:39,0
DA:41,0
DA:49,0
DA:51,0
LF:20
LH:0
end_of_record
SF:lib/components/movie_details_overview.dart
DA:6,0
DA:8,0
DA:10,0
DA:11,0
DA:13,0
DA:15,0
DA:16,0
DA:18,0
DA:20,0
DA:21,0
DA:22,0
DA:23,0
DA:28,0
DA:31,0
DA:32,0
DA:34,0
DA:35,0
DA:37,0
DA:40,0
LF:19
LH:0
end_of_record
SF:lib/components/movie_details_star_rating.dart
DA:6,0
DA:8,0
DA:10,0
DA:12,0
DA:13,0
DA:18,0
DA:20,0
LF:7
LH:0
end_of_record
SF:lib/components/movie_details_table.dart
DA:12,0
DA:22,0
DA:23,0
DA:24,0
DA:25,0
DA:26,0
DA:27,0
DA:28,0
DA:30,0
DA:31,0
DA:32,0
DA:34,0
DA:35,0
DA:36,0
DA:38,0
DA:39,0
DA:40,0
DA:42,0
DA:43,0
DA:44,0
DA:46,0
DA:47,0
DA:48,0
DA:50,0
DA:51,0
DA:52,0
LF:26
LH:0
end_of_record
SF:lib/logger.dart
DA:5,1
DA:10,1
DA:11,1
DA:12,3
DA:14,1
DA:15,3
DA:18,1
DA:21,1
LF:8
LH:8
end_of_record
SF:lib/screens/movies_list_screen.dart
DA:17,1
DA:18,1
DA:26,0
DA:27,0
DA:28,0
DA:32,0
DA:33,0
DA:39,1
DA:40,1
DA:41,1
DA:44,1
DA:46,1
DA:47,2
DA:48,2
DA:49,1
DA:50,2
DA:51,2
DA:52,2
DA:53,2
DA:58,0
DA:59,0
DA:62,1
DA:64,1
DA:65,0
DA:66,0
DA:67,0
DA:69,0
DA:70,0
DA:71,0
DA:72,0
DA:74,0
DA:76,0
DA:77,0
DA:78,0
DA:79,0
DA:80,0
DA:81,0
DA:90,1
DA:91,1
DA:92,1
DA:93,1
DA:96,1
DA:97,1
DA:98,1
DA:99,2
DA:100,2
DA:101,1
DA:106,1
DA:107,0
DA:122,1
DA:131,1
DA:132,1
DA:133,3
DA:134,3
DA:135,3
DA:136,3
DA:137,0
LF:57
LH:34
end_of_record
SF:lib/redux/store.dart
DA:8,3
DA:10,1
DA:11,1
LF:3
LH:3
end_of_record
SF:lib/screens/favourites_list_screen.dart
DA:11,0
DA:12,0
DA:13,0
DA:15,0
DA:16,0
DA:17,0
DA:20,0
DA:21,0
DA:26,0
DA:27,0
DA:28,0
DA:29,0
DA:30,0
DA:31,0
LF:14
LH:0
end_of_record
SF:lib/models/app_state.dart
DA:10,1
DA:15,2
DA:16,1
DA:17,1
DA:20,0
DA:24,0
DA:25,0
DA:26,0
LF:8
LH:4
end_of_record
SF:lib/models/movie/movie_state.dart
DA:8,1
DA:14,2
DA:15,1
DA:16,1
DA:17,1
DA:26,1
DA:32,2
DA:35,1
DA:44,1
DA:50,2
DA:62,1
DA:68,2
LF:12
LH:12
end_of_record
SF:lib/models/filter/filter_state.dart
DA:4,1
DA:8,2
LF:2
LH:2
end_of_record
SF:lib/models/movie/movie.dart
DA:11,0
DA:22,0
DA:23,0
DA:24,0
DA:25,0
DA:26,0
DA:27,0
DA:28,0
DA:29,0
DA:30,0
DA:49,0
DA:65,0
DA:66,0
DA:67,0
DA:68,0
DA:69,0
DA:70,0
DA:71,0
DA:72,0
DA:73,0
DA:74,0
DA:75,0
DA:76,0
DA:77,0
DA:78,0
DA:86,0
DA:91,0
DA:92,0
DA:93,0
LF:29
LH:0
end_of_record
SF:lib/redux/actions/filter_actions.dart
DA:7,0
DA:8,0
DA:9,0
DA:12,0
LF:4
LH:0
end_of_record
SF:lib/redux/actions/movie_actions.dart
DA:10,1
DA:12,1
DA:15,1
DA:20,1
DA:26,4
DA:32,0
DA:34,0
DA:36,0
DA:37,0
DA:42,0
DA:48,0
DA:54,1
DA:56,1
DA:59,1
DA:64,1
DA:70,4
LF:16
LH:10
end_of_record
SF:lib/redux/reducers/app_reducer.dart
DA:5,1
DA:6,1
DA:7,2
LF:3
LH:3
end_of_record
SF:lib/redux/reducers/movie_reducer.dart
DA:7,1
DA:10,1
DA:11,1
DA:12,2
DA:13,2
DA:14,2
DA:17,1
DA:18,0
DA:19,0
DA:20,0
DA:23,1
DA:24,3
DA:25,2
DA:26,2
DA:29,1
DA:30,0
DA:31,0
DA:32,0
DA:35,1
DA:36,0
DA:37,0
DA:38,0
DA:41,1
DA:42,0
DA:43,0
DA:44,0
DA:47,1
DA:48,2
DA:49,2
DA:50,2
DA:53,1
DA:54,0
DA:55,0
DA:56,0
DA:59,1
DA:60,3
DA:61,2
DA:62,2
DA:70,0
DA:71,0
DA:72,0
DA:75,0
DA:76,0
DA:79,0
DA:80,0
DA:81,0
LF:46
LH:23
end_of_record
SF:lib/redux/reducers/filter_reducer.dart
DA:5,0
DA:8,0
DA:9,0
DA:10,0
LF:4
LH:0
end_of_record
SF:lib/screens/movie_details_screen.dart
DA:13,0
DA:15,0
DA:16,0
DA:17,0
DA:18,0
DA:19,0
DA:23,0
DA:24,0
DA:27,0
DA:28,0
DA:29,0
DA:30,0
DA:31,0
DA:32,0
DA:33,0
DA:34,0
DA:35,0
DA:36,0
DA:37,0
DA:39,0
DA:41,0
DA:44,0
DA:46,0
DA:47,0
DA:48,0
DA:49,0
DA:50,0
DA:51,0
DA:52,0
DA:53,0
DA:54,0
DA:61,0
DA:62,0
DA:64,0
DA:65,0
DA:68,0
DA:70,0
DA:80,0
DA:85,0
DA:86,0
DA:87,0
LF:41
LH:0
end_of_record
SF:lib/utils/movie_sorting.dart
DA:1,0
DA:3,0
DA:4,0
DA:5,0
DA:6,0
DA:7,0
DA:9,0
DA:11,0
DA:13,0
LF:9
LH:0
end_of_record
